<?xml version="1.0" encoding="UTF-8"?>
<testsuite xmlns:xsi="http://www.w3.org/2001/XMLSchema-instance" xsi:noNamespaceSchemaLocation="https://maven.apache.org/surefire/maven-surefire-plugin/xsd/surefire-test-report-3.0.xsd" version="3.0" name="TestSuite" time="32.667" tests="12" errors="0" skipped="0" failures="0">
  <properties>
[...]
</properties>
  <testcase name="verifyExampleDotCom" classname="tests.PlaywrightTest" time="0.219">
    <system-out><![CDATA[19:28:34.329 [main] DEBUG org.testng.TestNG - suiteXmlPath: "/workspaces/TestNGAutomation/testng.xml"
19:28:34.500 [main] INFO org.testng.internal.Utils - [XmlSuite] [WARN] 'parallel' value 'false' is no longer valid, defaulting to 'none'.
]]></system-out>
  </testcase>
  <testcase name="captchaUsecase" classname="tests.PlaywrightInterviewUsecases" time="1.916"/>
  <testcase name="crossBrowserNavigation[chromium](1)" classname="tests.PlaywrightInterviewUsecases" time="0.938"/>
  <testcase name="crossBrowserNavigation[firefox](2)" classname="tests.PlaywrightInterviewUsecases" time="4.695"/>
  <testcase name="crossBrowserNavigation[webkit](3)" classname="tests.PlaywrightInterviewUsecases" time="2.843"/>
  <testcase name="dataDrivenFormSubmit" classname="tests.PlaywrightInterviewUsecases" time="2.659"/>
  <testcase name="dataDrivenNavigation" classname="tests.PlaywrightInterviewUsecases" time="0.091"/>
  <testcase name="dataDrivenNavigationFromExcelWithCollection" classname="tests.PlaywrightInterviewUsecases" time="1.166">
    <system-err><![CDATA[ERROR StatusLogger Log4j2 could not find a logging implementation. Please add log4j-core to the classpath. Using SimpleLogger to log to the console...
]]></system-err>
  </testcase>
  <testcase name="fileUploadUsecase" classname="tests.PlaywrightInterviewUsecases" time="1.88"/>
  <testcase name="headlessUsecase[true, headless](1)" classname="tests.PlaywrightInterviewUsecases" time="1.365"/>
  <testcase name="networkInterceptAndAssert" classname="tests.PlaywrightInterviewUsecases" time="0.083"/>
  <testcase name="newTabAndBackToParentUsecase" classname="tests.PlaywrightInterviewUsecases" time="7.201"/>
</testsuite>