<?xml version="1.0" encoding="UTF-8"?>
<!-- Generated by org.testng.reporters.JUnitReportReporter -->
<testsuite hostname="codespaces-8330e6" failures="0" tests="14" name="tests.PlaywrightInterviewUsecases" time="26.106" errors="0" timestamp="2026-03-22T19:29:06 UTC" skipped="3">
  <testcase classname="tests.PlaywrightInterviewUsecases" name="crossBrowserNavigation" time="2.904"/>
  <testcase classname="tests.PlaywrightInterviewUsecases" name="dataDrivenFormSubmit" time="2.733"/>
  <testcase classname="tests.PlaywrightInterviewUsecases" name="networkInterceptAndAssert" time="0.177"/>
  <testcase classname="tests.PlaywrightInterviewUsecases" name="crossBrowserNavigation" time="4.763"/>
  <testcase classname="tests.PlaywrightInterviewUsecases" name="dataDrivenNavigationFromExcelWithCollection" time="1.268"/>
  <testcase classname="tests.PlaywrightInterviewUsecases" name="newTabAndBackToParentUsecase" time="7.270"/>
  <testcase classname="tests.PlaywrightInterviewUsecases" name="fileUploadUsecase" time="1.969"/>
  <testcase classname="tests.PlaywrightInterviewUsecases" name="dataDrivenNavigation" time="0.181"/>
  <testcase classname="tests.PlaywrightInterviewUsecases" name="headlessUsecase" time="1.776"/>
  <testcase classname="tests.PlaywrightInterviewUsecases" name="crossBrowserNavigation" time="1.057"/>
  <testcase classname="tests.PlaywrightInterviewUsecases" name="captchaUsecase" time="2.008"/>
  <testcase classname="tests.PlaywrightInterviewUsecases" name="fileDownload">
    <skipped/>
  </testcase> <!-- fileDownload -->
  <testcase classname="tests.PlaywrightInterviewUsecases" name="iframeWithinIframeUsecase">
    <skipped/>
  </testcase> <!-- iframeWithinIframeUsecase -->
  <testcase classname="tests.PlaywrightInterviewUsecases" name="advancedBrowserTest">
    <skipped/>
  </testcase> <!-- advancedBrowserTest -->
</testsuite> <!-- tests.PlaywrightInterviewUsecases -->
