<?xml version="1.0" encoding="UTF-8"?>
<!-- Generated by org.testng.reporters.JUnitXMLReporter -->
<testsuite ignored="3" hostname="codespaces-8330e6" failures="0" tests="12" name="UI Tests" time="31.665" errors="0" timestamp="2026-03-22T19:29:06 UTC">
  <testcase classname="tests.PlaywrightTest" name="verifyExampleDotCom" time="0.215"/>
  <testcase classname="tests.PlaywrightInterviewUsecases" name="captchaUsecase" time="1.932"/>
  <testcase classname="tests.PlaywrightInterviewUsecases" name="crossBrowserNavigation" time="0.937"/>
  <testcase classname="tests.PlaywrightInterviewUsecases" name="crossBrowserNavigation" time="4.698"/>
  <testcase classname="tests.PlaywrightInterviewUsecases" name="crossBrowserNavigation" time="2.842"/>
  <testcase classname="tests.PlaywrightInterviewUsecases" name="dataDrivenFormSubmit" time="2.658"/>
  <testcase classname="tests.PlaywrightInterviewUsecases" name="dataDrivenNavigation" time="0.092"/>
  <testcase classname="tests.PlaywrightInterviewUsecases" name="dataDrivenNavigationFromExcelWithCollection" time="1.167"/>
  <testcase classname="tests.PlaywrightInterviewUsecases" name="fileUploadUsecase" time="1.882"/>
  <testcase classname="tests.PlaywrightInterviewUsecases" name="headlessUsecase" time="1.365"/>
  <testcase classname="tests.PlaywrightInterviewUsecases" name="networkInterceptAndAssert" time="0.085"/>
  <testcase classname="tests.PlaywrightInterviewUsecases" name="newTabAndBackToParentUsecase" time="7.205"/>
  <testcase classname="tests.PlaywrightInterviewUsecases" name="fileDownload" time="0.0">
    <ignored/>
  </testcase> <!-- fileDownload -->
  <testcase classname="tests.PlaywrightInterviewUsecases" name="iframeWithinIframeUsecase" time="0.0">
    <ignored/>
  </testcase> <!-- iframeWithinIframeUsecase -->
  <testcase classname="tests.PlaywrightInterviewUsecases" name="advancedBrowserTest" time="0.0">
    <ignored/>
  </testcase> <!-- advancedBrowserTest -->
</testsuite> <!-- UI Tests -->
